::1 - - [17/Jan/2025:07:49:23 +0000] "GET /api/v1/categories HTTP/1.1" 200 72 "-" "PostmanRuntime/7.43.0"
::1 - - [17/Jan/2025:07:49:52 +0000] "GET /api/v1/categories HTTP/1.1" 200 72 "-" "PostmanRuntime/7.43.0"
::1 - - [17/Jan/2025:07:50:20 +0000] "POST /api/v1/categories HTTP/1.1" 200 49 "-" "PostmanRuntime/7.43.0"
::1 - - [17/Jan/2025:08:12:53 +0000] "GET /api/v1/categories HTTP/1.1" 200 72 "-" "PostmanRuntime/7.43.0"
::1 - - [17/Jan/2025:08:13:12 +0000] "PUT /api/v1/categories HTTP/1.1" 404 156 "-" "PostmanRuntime/7.43.0"
::1 - - [17/Jan/2025:08:13:38 +0000] "GET /api/v1/categories HTTP/1.1" 200 72 "-" "PostmanRuntime/7.43.0"
::1 - - [17/Jan/2025:08:16:32 +0000] "GET /api/v1/categories HTTP/1.1" 200 72 "-" "PostmanRuntime/7.43.0"
::1 - - [17/Jan/2025:08:16:36 +0000] "GET /api/v1/categories/12 HTTP/1.1" 200 61 "-" "PostmanRuntime/7.43.0"
::1 - - [17/Jan/2025:08:16:43 +0000] "GET /api/v1/categories HTTP/1.1" 200 72 "-" "PostmanRuntime/7.43.0"
::1 - - [17/Jan/2025:08:16:45 +0000] "GET /api/v1/categories HTTP/1.1" 200 72 "-" "PostmanRuntime/7.43.0"
::1 - - [17/Jan/2025:08:17:25 +0000] "GET /api/v1/categories/12 HTTP/1.1" 200 61 "-" "PostmanRuntime/7.43.0"
::1 - - [17/Jan/2025:08:17:46 +0000] "PUT /api/v1/categories/12 HTTP/1.1" 200 53 "-" "PostmanRuntime/7.43.0"
::1 - - [17/Jan/2025:08:18:27 +0000] "POST /api/v1/categories HTTP/1.1" 200 49 "-" "PostmanRuntime/7.43.0"
::1 - - [17/Jan/2025:08:18:52 +0000] "DELETE /api/v1/categories/12 HTTP/1.1" 200 54 "-" "PostmanRuntime/7.43.0"
::1 - - [17/Jan/2025:09:45:40 +0000] "POST /api/v1/categories HTTP/1.1" 200 49 "-" "PostmanRuntime/7.43.0"
::1 - - [19/Jan/2025:07:39:14 +0000] "GET / HTTP/1.1" 404 139 "-" "Mozilla/5.0 (Windows NT 10.0; Win64; x64) AppleWebKit/537.36 (KHTML, like Gecko) Chrome/132.0.0.0 Safari/537.36"
::1 - - [19/Jan/2025:07:52:09 +0000] "POST /api/v1/categories HTTP/1.1" 200 106 "-" "PostmanRuntime/7.43.0"
::1 - - [19/Jan/2025:07:56:20 +0000] "POST /api/v1/categories HTTP/1.1" 400 310 "-" "PostmanRuntime/7.43.0"
::1 - - [19/Jan/2025:08:14:36 +0000] "POST /api/v1/categories HTTP/1.1" 400 310 "-" "PostmanRuntime/7.43.0"
::1 - - [19/Jan/2025:08:21:22 +0000] "GET /api/v1/categories HTTP/1.1" 200 108 "-" "PostmanRuntime/7.43.0"
::1 - - [19/Jan/2025:08:21:26 +0000] "GET /api/v1/categories HTTP/1.1" 200 108 "-" "PostmanRuntime/7.43.0"
::1 - - [19/Jan/2025:08:29:09 +0000] "GET /api/v1/categories/678caf291ef58b7657f481ed HTTP/1.1" 200 106 "-" "PostmanRuntime/7.43.0"
::1 - - [19/Jan/2025:08:29:56 +0000] "GET /api/v1/categories/678caf291ef58b7657f HTTP/1.1" 400 303 "-" "PostmanRuntime/7.43.0"
::1 - - [19/Jan/2025:08:30:04 +0000] "GET /api/v1/categories/678caf291ef58b7657f481ed HTTP/1.1" 200 106 "-" "PostmanRuntime/7.43.0"
::1 - - [19/Jan/2025:08:30:55 +0000] "GET /api/v1/categories/678caf291ef58b7657f481ed1 HTTP/1.1" 400 321 "-" "PostmanRuntime/7.43.0"
::1 - - [19/Jan/2025:08:31:12 +0000] "GET /api/v1/categories/678caf291ef58b7657f481ed HTTP/1.1" 200 106 "-" "PostmanRuntime/7.43.0"
::1 - - [19/Jan/2025:08:32:58 +0000] "GET /api/v1/categories/678caf291ef58b7657f481ed1 HTTP/1.1" 400 321 "-" "PostmanRuntime/7.43.0"
::1 - - [19/Jan/2025:08:33:02 +0000] "GET /api/v1/categories/678caf291ef58b7657f481e1 HTTP/1.1" 400 61 "-" "PostmanRuntime/7.43.0"
::1 - - [19/Jan/2025:08:33:48 +0000] "GET /api/v1/categories/678caf291ef58b7657f481ed HTTP/1.1" 200 106 "-" "PostmanRuntime/7.43.0"
::1 - - [19/Jan/2025:08:41:11 +0000] "POST /api/v1/categories HTTP/1.1" 200 104 "-" "PostmanRuntime/7.43.0"
::1 - - [19/Jan/2025:08:41:32 +0000] "DELETE /api/v1/categories/678cbaa7b5eda1479f6cd836 HTTP/1.1" 200 104 "-" "PostmanRuntime/7.43.0"
::1 - - [19/Jan/2025:08:41:42 +0000] "GET /api/v1/categories HTTP/1.1" 200 108 "-" "PostmanRuntime/7.43.0"
::1 - - [19/Jan/2025:08:41:46 +0000] "GET /api/v1/categories HTTP/1.1" 200 108 "-" "PostmanRuntime/7.43.0"
::1 - - [19/Jan/2025:08:43:22 +0000] "PUT /api/v1/categories/678caf291ef58b7657f481ed HTTP/1.1" 200 106 "-" "PostmanRuntime/7.43.0"
::1 - - [19/Jan/2025:08:43:30 +0000] "PUT /api/v1/categories/678caf291ef58b7657f481ed HTTP/1.1" 200 106 "-" "PostmanRuntime/7.43.0"
::1 - - [19/Jan/2025:08:43:33 +0000] "PUT /api/v1/categories/678caf291ef58b7657f481ed HTTP/1.1" 200 106 "-" "PostmanRuntime/7.43.0"
::1 - - [19/Jan/2025:08:45:52 +0000] "PUT /api/v1/categories/678caf291ef58b7657f481ed HTTP/1.1" 200 104 "-" "PostmanRuntime/7.43.0"
::1 - - [19/Jan/2025:08:45:56 +0000] "PUT /api/v1/categories/678caf291ef58b7657f481ed HTTP/1.1" 200 104 "-" "PostmanRuntime/7.43.0"
::1 - - [19/Jan/2025:08:46:49 +0000] "GET /api/v1/categories HTTP/1.1" 200 106 "-" "PostmanRuntime/7.43.0"
