::1 - - [30/Jan/2025:07:14:20 +0000] "GET /api/v1/categories/679b220be09558f425bd5421 HTTP/1.1" 400 95 "-" "PostmanRuntime/7.43.0"
::1 - - [30/Jan/2025:07:14:27 +0000] "GET /api/v1/categories/ HTTP/1.1" 200 1393 "-" "PostmanRuntime/7.43.0"
::1 - - [30/Jan/2025:07:14:35 +0000] "GET /api/v1/categories/5e90434cd433fa11b078ed8a HTTP/1.1" 500 111 "-" "PostmanRuntime/7.43.0"
::1 - - [30/Jan/2025:07:16:01 +0000] "GET /api/v1/categories/5e90434cd433fa11b078ed8a HTTP/1.1" 500 111 "-" "PostmanRuntime/7.43.0"
::1 - - [30/Jan/2025:07:16:39 +0000] "GET /api/v1/categories/5e90434cd433fa11b078ed8a HTTP/1.1" 500 114 "-" "PostmanRuntime/7.43.0"
::1 - - [30/Jan/2025:07:17:23 +0000] "GET /api/v1/categories/5e90434cd433fa11b078ed8a HTTP/1.1" 200 1319 "-" "PostmanRuntime/7.43.0"
::1 - - [30/Jan/2025:07:17:24 +0000] "GET /api/v1/categories/5e90434cd433fa11b078ed8a HTTP/1.1" 200 1319 "-" "PostmanRuntime/7.43.0"
::1 - - [30/Jan/2025:07:17:44 +0000] "GET /api/v1/categories/5e90434cd433fa11b078ed8a/products HTTP/1.1" 200 1076 "-" "PostmanRuntime/7.43.0"
::1 - - [30/Jan/2025:07:33:26 +0000] "GET /api/v1/users HTTP/1.1" 401 254 "-" "PostmanRuntime/7.43.0"
::1 - - [30/Jan/2025:07:34:40 +0000] "GET /api/v1/users/forgot-password HTTP/1.1" 401 254 "-" "PostmanRuntime/7.43.0"
::1 - - [30/Jan/2025:07:34:42 +0000] "GET /api/v1/users/forgot-password HTTP/1.1" 401 254 "-" "PostmanRuntime/7.43.0"
::1 - - [30/Jan/2025:07:34:45 +0000] "GET /api/v1/users/forgot-password HTTP/1.1" 401 254 "-" "PostmanRuntime/7.43.0"
::1 - - [30/Jan/2025:07:35:58 +0000] "GET /api/v1/users/login HTTP/1.1" 401 254 "-" "PostmanRuntime/7.43.0"
::1 - - [30/Jan/2025:07:35:59 +0000] "GET /api/v1/users/login HTTP/1.1" 401 254 "-" "PostmanRuntime/7.43.0"
::1 - - [30/Jan/2025:07:36:01 +0000] "GET /api/v1/users/login HTTP/1.1" 401 254 "-" "PostmanRuntime/7.43.0"
::1 - - [30/Jan/2025:07:36:07 +0000] "GET /api/v1/users/login HTTP/1.1" 401 254 "-" "PostmanRuntime/7.43.0"
::1 - - [30/Jan/2025:07:36:08 +0000] "GET /api/v1/users/login HTTP/1.1" 401 254 "-" "PostmanRuntime/7.43.0"
::1 - - [30/Jan/2025:07:36:12 +0000] "GET /api/v1/ HTTP/1.1" 404 146 "-" "PostmanRuntime/7.43.0"
::1 - - [30/Jan/2025:07:37:09 +0000] "POST /api/v1/users/login HTTP/1.1" 200 444 "-" "PostmanRuntime/7.43.0"
::1 - - [30/Jan/2025:07:37:47 +0000] "GET /api/v1/users HTTP/1.1" 200 524 "-" "PostmanRuntime/7.43.0"
::1 - - [30/Jan/2025:07:38:22 +0000] "POST /api/v1/users/forgot-password HTTP/1.1" 200 72 "-" "PostmanRuntime/7.43.0"
::1 - - [30/Jan/2025:07:38:49 +0000] "POST /api/v1/users/forgot-password HTTP/1.1" 400 107 "-" "PostmanRuntime/7.43.0"
::1 - - [30/Jan/2025:07:39:10 +0000] "POST /api/v1/users/forgot-password HTTP/1.1" 400 107 "-" "PostmanRuntime/7.43.0"
::1 - - [30/Jan/2025:07:39:12 +0000] "POST /api/v1/users/forgot-password HTTP/1.1" - - "-" "PostmanRuntime/7.43.0"
::1 - - [30/Jan/2025:07:39:12 +0000] "POST /api/v1/users/forgot-password HTTP/1.1" 400 107 "-" "PostmanRuntime/7.43.0"
::1 - - [30/Jan/2025:07:39:18 +0000] "POST /api/v1/users HTTP/1.1" 500 164 "-" "PostmanRuntime/7.43.0"
::1 - - [30/Jan/2025:07:39:24 +0000] "GET /api/v1/users HTTP/1.1" 200 661 "-" "PostmanRuntime/7.43.0"
::1 - - [30/Jan/2025:07:39:37 +0000] "POST /api/v1/users/forgot-password HTTP/1.1" 400 107 "-" "PostmanRuntime/7.43.0"
::1 - - [30/Jan/2025:07:40:25 +0000] "POST /api/v1/users/forgot-password HTTP/1.1" 400 107 "-" "PostmanRuntime/7.43.0"
::1 - - [30/Jan/2025:07:40:26 +0000] "POST /api/v1/users/forgot-password HTTP/1.1" 400 107 "-" "PostmanRuntime/7.43.0"
::1 - - [30/Jan/2025:07:40:31 +0000] "POST /api/v1/users HTTP/1.1" 500 164 "-" "PostmanRuntime/7.43.0"
::1 - - [30/Jan/2025:07:40:37 +0000] "GET /api/v1/users HTTP/1.1" 200 524 "-" "PostmanRuntime/7.43.0"
::1 - - [30/Jan/2025:07:40:53 +0000] "GET /api/v1/categories/6796f2defa097efacf5a1762/products HTTP/1.1" 200 116 "-" "PostmanRuntime/7.43.0"
::1 - - [30/Jan/2025:07:41:06 +0000] "GET /api/v1/categories/ HTTP/1.1" 200 1393 "-" "PostmanRuntime/7.43.0"
::1 - - [30/Jan/2025:07:41:13 +0000] "GET /api/v1/categories/5e90434cd433fa11b078ed8a HTTP/1.1" 200 1319 "-" "PostmanRuntime/7.43.0"
::1 - - [30/Jan/2025:07:41:23 +0000] "GET /api/v1/users/ HTTP/1.1" 200 524 "-" "PostmanRuntime/7.43.0"
::1 - - [30/Jan/2025:07:41:54 +0000] "GET /api/v1/users/forgot-password HTTP/1.1" 500 130 "-" "PostmanRuntime/7.43.0"
::1 - - [30/Jan/2025:07:42:00 +0000] "GET /api/v1/users/forgot-password HTTP/1.1" 500 130 "-" "PostmanRuntime/7.43.0"
::1 - - [30/Jan/2025:07:42:20 +0000] "GET /api/v1/ HTTP/1.1" 404 146 "-" "PostmanRuntime/7.43.0"
::1 - - [30/Jan/2025:07:43:00 +0000] "GET /api/v1/users/logout HTTP/1.1" 200 39 "-" "PostmanRuntime/7.43.0"
::1 - - [30/Jan/2025:07:43:08 +0000] "GET /api/v1/users HTTP/1.1" 401 254 "-" "PostmanRuntime/7.43.0"
::1 - - [30/Jan/2025:07:44:46 +0000] "GET /api/v1/users/login HTTP/1.1" 401 254 "-" "PostmanRuntime/7.43.0"
::1 - - [30/Jan/2025:07:44:47 +0000] "GET /api/v1/users/login HTTP/1.1" 401 254 "-" "PostmanRuntime/7.43.0"
::1 - - [30/Jan/2025:07:44:50 +0000] "POST /api/v1/users/login HTTP/1.1" 200 452 "-" "PostmanRuntime/7.43.0"
::1 - - [30/Jan/2025:07:45:20 +0000] "POST /api/v1/users/forgot-password HTTP/1.1" 200 72 "-" "PostmanRuntime/7.43.0"
